<?xml version="1.0" encoding="UTF-8"?>
<!-- Generated by org.testng.reporters.JUnitXMLReporter -->
<testsuite hostname="NIDRASAR-E752" ignored="0" name="Sample Test" tests="4" failures="0" timestamp="22 Feb 2017 21:50:09 GMT" time="0.038" errors="0">
  <testcase name="testOne" time="0.004" classname="com.pack.one.TestA"/>
  <testcase name="testTwo" time="0.001" classname="com.pack.one.TestA"/>
  <testcase name="testOne" time="0.001" classname="com.pack.two.TestB"/>
  <testcase name="testTwo" time="0.001" classname="com.pack.two.TestB"/>
</testsuite> <!-- Sample Test -->
